<?xml version="1.0" encoding="UTF-8"?>
<!-- Generated by org.testng.reporters.JUnitReportReporter -->
<testsuite hostname="LAPTOP-P2664PGM" failures="0" tests="1" name="com.saucedemo.test.BaseTest" time="18.664" errors="0" timestamp="2024-10-05T01:26:17 IST" skipped="0">
  <testcase classname="com.saucedemo.test.BaseTest" name="setUp" time="18.664"/>
  <system-out/>
</testsuite> <!-- com.saucedemo.test.BaseTest -->
