<?xml version="1.0" encoding="UTF-8"?>
<!-- Generated by org.testng.reporters.JUnitReportReporter -->
<testsuite hostname="LAPTOP-P2664PGM" failures="0" tests="5" name="com.saucedemo.test.LoginTest" time="27.391" errors="0" timestamp="2024-10-05T05:21:21 IST" skipped="0">
  <testcase classname="com.saucedemo.test.LoginTest" name="loginTest" time="3.965"/>
  <system-out/>
  <testcase classname="com.saucedemo.test.LoginTest" name="loginTest" time="8.532"/>
  <system-out/>
  <testcase classname="com.saucedemo.test.LoginTest" name="loginTest" time="5.136"/>
  <system-out/>
  <testcase classname="com.saucedemo.test.LoginTest" name="loginTest" time="4.086"/>
  <system-out/>
  <testcase classname="com.saucedemo.test.LoginTest" name="loginTest" time="5.672"/>
  <system-out/>
</testsuite> <!-- com.saucedemo.test.LoginTest -->
