<?xml version="1.0" encoding="UTF-8"?>
<!-- Generated by org.testng.reporters.JUnitReportReporter -->
<testsuite hostname="LAPTOP-P2664PGM" failures="0" tests="1" name="com.saucedemo.test.CheckoutTest" time="8.357" errors="0" timestamp="2024-10-05T05:23:24 IST" skipped="0">
  <testcase classname="com.saucedemo.test.CheckoutTest" name="validateCheckoutProcess" time="8.357"/>
  <system-out/>
</testsuite> <!-- com.saucedemo.test.CheckoutTest -->
