<?xml version="1.0" encoding="UTF-8"?>
<!-- Generated by org.testng.reporters.JUnitReportReporter -->
<testsuite hostname="LAPTOP-P2664PGM" failures="0" tests="1" name="com.saucedemo.test.AddToCartTest" time="4.977" errors="0" timestamp="2024-10-05T05:21:21 IST" skipped="0">
  <testcase classname="com.saucedemo.test.AddToCartTest" name="addItemToCartTest" time="4.977"/>
  <system-out/>
</testsuite> <!-- com.saucedemo.test.AddToCartTest -->
